#-----------------------------------------------------------
# Webtalk v2015.4 (64-bit)
# SW Build 1412921 on Wed Nov 18 09:43:45 MST 2015
# 
# Start of session at: Mon Mar 28 20:36:08 2016
# Process ID: 1828
# Current directory: Y:/sha256.hw.accelerator/sdk.workspace/webtalk
# Command line: wbtcv.exe -mode batch -source sdk_webtalk.tcl
# Log file: Y:/sha256.hw.accelerator/sdk.workspace/webtalk/webtalk.log
# Journal file: Y:/sha256.hw.accelerator/sdk.workspace/webtalk\webtalk.jou
#-----------------------------------------------------------
source sdk_webtalk.tcl
# webtalk_init -webtalk_dir Y:\\sha256.hw.accelerator\\sdk.workspace\\webtalk
# webtalk_register_client -client project
# webtalk_add_data -client project -key date_generated -value "จ. มี.ค. 28 20:36:08 2559" -context "software_version_and_target_device"
# webtalk_add_data -client project -key product_version -value "SDK v2015.4" -context "software_version_and_target_device"
# webtalk_add_data -client project -key build_version -value "2015.4" -context "software_version_and_target_device"
# webtalk_add_data -client project -key os_platform -value "amd64" -context "software_version_and_target_device"
# webtalk_add_data -client project -key registration_id -value "" -context "software_version_and_target_device"
# webtalk_add_data -client project -key tool_flow -value "SDK" -context "software_version_and_target_device"
# webtalk_add_data -client project -key beta -value "false" -context "software_version_and_target_device"
# webtalk_add_data -client project -key route_design -value "NA" -context "software_version_and_target_device"
# webtalk_add_data -client project -key target_family -value "NA" -context "software_version_and_target_device"
# webtalk_add_data -client project -key target_device -value "NA" -context "software_version_and_target_device"
# webtalk_add_data -client project -key target_package -value "NA" -context "software_version_and_target_device"
# webtalk_add_data -client project -key target_speed -value "NA" -context "software_version_and_target_device"
# webtalk_add_data -client project -key random_id -value "i14rsj31f67sns6viahhj2rvp8" -context "software_version_and_target_device"
# webtalk_add_data -client project -key project_id -value "2015.4_15" -context "software_version_and_target_device"
# webtalk_add_data -client project -key project_iteration -value "15" -context "software_version_and_target_device"
# webtalk_add_data -client project -key os_name -value "" -context "user_environment"
# webtalk_add_data -client project -key os_release -value "" -context "user_environment"
# webtalk_add_data -client project -key cpu_name -value "" -context "user_environment"
# webtalk_add_data -client project -key cpu_speed -value "" -context "user_environment"
# webtalk_add_data -client project -key total_processors -value "" -context "user_environment"
# webtalk_add_data -client project -key system_ram -value "" -context "user_environment"
# webtalk_register_client -client sdk
# webtalk_add_data -client sdk -key uid -value "1459155815000" -context "sdk\\\\hardware/1459155815000"
# webtalk_add_data -client sdk -key isZynq -value "true" -context "sdk\\\\hardware/1459155815000"
# webtalk_add_data -client sdk -key Processors -value "2" -context "sdk\\\\hardware/1459155815000"
# webtalk_add_data -client sdk -key VivadoVersion -value "2015.4" -context "sdk\\\\hardware/1459155815000"
# webtalk_add_data -client sdk -key Arch -value "zynq" -context "sdk\\\\hardware/1459155815000"
# webtalk_add_data -client sdk -key Device -value "7z020" -context "sdk\\\\hardware/1459155815000"
# webtalk_add_data -client sdk -key IsHandoff -value "true" -context "sdk\\\\hardware/1459155815000"
# webtalk_add_data -client sdk -key uid -value "1459155899000" -context "sdk\\\\bsp/1459155899000"
# webtalk_add_data -client sdk -key hwid -value "1459155815000" -context "sdk\\\\bsp/1459155899000"
# webtalk_add_data -client sdk -key os -value "standalone" -context "sdk\\\\bsp/1459155899000"
# webtalk_add_data -client sdk -key apptemplate -value "null" -context "sdk\\\\bsp/1459155899000"
# webtalk_add_data -client sdk -key uid -value "1459155926000" -context "sdk\\\\bsp/1459155926000"
# webtalk_add_data -client sdk -key hwid -value "1459155815000" -context "sdk\\\\bsp/1459155926000"
# webtalk_add_data -client sdk -key os -value "standalone" -context "sdk\\\\bsp/1459155926000"
# webtalk_add_data -client sdk -key apptemplate -value "null" -context "sdk\\\\bsp/1459155926000"
# webtalk_add_data -client sdk -key uid -value "1459155988000" -context "sdk\\\\application/1459155988000"
# webtalk_add_data -client sdk -key hwid -value "1459155815000" -context "sdk\\\\application/1459155988000"
# webtalk_add_data -client sdk -key bspid -value "1459155899000" -context "sdk\\\\application/1459155988000"
# webtalk_add_data -client sdk -key newbsp -value "false" -context "sdk\\\\application/1459155988000"
# webtalk_add_data -client sdk -key os -value "standalone" -context "sdk\\\\application/1459155988000"
# webtalk_add_data -client sdk -key apptemplate -value "hello_world" -context "sdk\\\\application/1459155988000"
# webtalk_add_data -client sdk -key uid -value "1459156882000" -context "sdk\\\\application/1459156882000"
# webtalk_add_data -client sdk -key hwid -value "1459155815000" -context "sdk\\\\application/1459156882000"
# webtalk_add_data -client sdk -key bspid -value "1459155926000" -context "sdk\\\\application/1459156882000"
# webtalk_add_data -client sdk -key newbsp -value "false" -context "sdk\\\\application/1459156882000"
# webtalk_add_data -client sdk -key os -value "standalone" -context "sdk\\\\application/1459156882000"
# webtalk_add_data -client sdk -key apptemplate -value "hello_world" -context "sdk\\\\application/1459156882000"
# webtalk_transmit -clientid 3801224153 -regid "" -xml Y:\\sha256.hw.accelerator\\sdk.workspace\\webtalk\\usage_statistics_ext_sdk.xml -html Y:\\sha256.hw.accelerator\\sdk.workspace\\webtalk\\usage_statistics_ext_sdk.html -wdm Y:\\sha256.hw.accelerator\\sdk.workspace\\webtalk\\sdk_webtalk.wdm -intro "<H3>SDK Usage Report</H3><BR>"

    while executing
"webtalk_transmit -clientid 3801224153 -regid "" -xml Y:\\sha256.hw.accelerator\\sdk.workspace\\webtalk\\usage_statistics_ext_sdk.xml -html Y:\\sha256...."
    (file "sdk_webtalk.tcl" line 52)
INFO: [Common 17-206] Exiting Webtalk at Mon Mar 28 20:36:21 2016...
