19:48:08 INFO  : Launching XSDB server: xsdb.bat C:/Xilinx/SDK/2015.4/scripts/xsdb/xsdb/xsdb-server.tcl
19:48:10 INFO  : XSDB server has started successfully.
20:03:35 INFO  : Project 'plain_processor_wrapper_hw_platform_0' created. You can now create BSPs and application projects targeting this hardware platform.
20:08:28 INFO  : Connected to target on host '127.0.0.1' and port '3121'.
20:08:31 INFO  : 'targets -set -filter {jtag_cable_name =~ "Digilent Zed 210248570857" && level==0} -index 1' command is executed.
20:08:34 INFO  : FPGA configured successfully with bitstream "Y:/sha256.hw.accelerator/sdk.workspace/plain_processor_wrapper_hw_platform_0/plain_processor_wrapper.bit"
20:09:08 INFO  : Processor reset is completed for ps7_cortexa9_0
20:14:22 INFO  : Connected to target on host '127.0.0.1' and port '3121'.
20:14:22 INFO  : 'targets -set -filter {jtag_cable_name =~ "Digilent Zed 210248570857" && level==0} -index 1' command is executed.
20:14:25 INFO  : FPGA configured successfully with bitstream "Y:/sha256.hw.accelerator/sdk.workspace/plain_processor_wrapper_hw_platform_0/plain_processor_wrapper.bit"
20:14:31 INFO  : Processor reset is completed for ps7_cortexa9_0
20:28:55 INFO  : Processor reset is completed for ps7_cortexa9_0
20:32:14 INFO  : Processor reset is completed for ps7_cortexa9_0
20:33:13 INFO  : ps7_cortexa9_0 Processor is in use. Please stop existing Run or Debug sessions before launching.
20:33:25 ERROR : Unexpected error while launching program.
java.lang.RuntimeException: Error in Resetting Target

    Could not stop the processor after reset


	at com.xilinx.sdk.targetmanager.internal.TM.doProcessorReset(TM.java:1011)
	at com.xilinx.sdk.debug.core.XilinxAppLaunchConfigurationDelegate.runTargetSetup(XilinxAppLaunchConfigurationDelegate.java:534)
	at com.xilinx.sdk.debug.core.XilinxAppLaunchConfigurationDelegate.runApplication(XilinxAppLaunchConfigurationDelegate.java:616)
	at com.xilinx.sdk.debug.core.XilinxAppLaunchConfigurationDelegate.launch(XilinxAppLaunchConfigurationDelegate.java:309)
	at com.xilinx.sdk.debug.ui.XilinxAppLaunchDelegateWrapper.launch(XilinxAppLaunchDelegateWrapper.java:31)
	at org.eclipse.debug.internal.core.LaunchConfiguration.launch(LaunchConfiguration.java:858)
	at org.eclipse.debug.internal.core.LaunchConfiguration.launch(LaunchConfiguration.java:707)
	at org.eclipse.debug.internal.ui.DebugUIPlugin.buildAndLaunch(DebugUIPlugin.java:1018)
	at org.eclipse.debug.internal.ui.DebugUIPlugin$8.run(DebugUIPlugin.java:1222)
	at org.eclipse.core.internal.jobs.Worker.run(Worker.java:53)
20:33:37 INFO  : Connected to target on host '127.0.0.1' and port '3121'.
20:33:38 INFO  : 'targets -set -filter {jtag_cable_name =~ "Digilent Zed 210248570857" && level==0} -index 1' command is executed.
20:33:40 INFO  : FPGA configured successfully with bitstream "Y:/sha256.hw.accelerator/sdk.workspace/plain_processor_wrapper_hw_platform_0/plain_processor_wrapper.bit"
20:33:47 INFO  : ps7_init is completed.
20:33:47 INFO  : ps7_post_config is completed.
20:33:47 INFO  : Processor reset is completed for ps7_cortexa9_0
20:33:49 INFO  : Profiling results stored at Y:\sha256.hw.accelerator\sdk.workspace\SHA256_SW_Profiling\Debug/gmon.out.
20:36:19 ERROR : Unexpected error while parsing XMD response ?: com.google.gson.JsonSyntaxException: com.google.gson.stream.MalformedJsonException: invalid number or unquoted string near 
20:36:45 INFO  : Launching XSDB server: xsdb.bat C:/Xilinx/SDK/2015.4/scripts/xsdb/xsdb/xsdb-server.tcl
20:36:46 INFO  : XSDB server has started successfully.
20:37:52 INFO  : Processor reset is completed for ps7_cortexa9_0
20:42:09 INFO  : Connected to target on host '127.0.0.1' and port '3121'.
20:42:10 INFO  : 'targets -set -filter {jtag_cable_name =~ "Digilent Zed 210248570857" && level==0} -index 1' command is executed.
20:42:13 INFO  : FPGA configured successfully with bitstream "Y:/sha256.hw.accelerator/sdk.workspace/plain_processor_wrapper_hw_platform_0/plain_processor_wrapper.bit"
20:42:17 INFO  : ps7_init is completed.
20:42:17 INFO  : ps7_post_config is completed.
20:42:18 INFO  : Processor reset is completed for ps7_cortexa9_0
20:42:53 ERROR : Unexpected error while parsing XMD response ?: com.google.gson.JsonSyntaxException: com.google.gson.stream.MalformedJsonException: invalid number or unquoted string near 
20:55:58 INFO  : Launching XSDB server: xsdb.bat C:/Xilinx/SDK/2015.4/scripts/xsdb/xsdb/xsdb-server.tcl
20:55:59 INFO  : XSDB server has started successfully.
